[    0.000000] Linux version 4.15.0-65-generic (buildd@lgw01-amd64-006) (gcc version 7.4.0 (Ubuntu 7.4.0-1ubuntu1~18.04.1)) #74-Ubuntu SMP Tue Sep 17 17:06:04 UTC 2019 (Ubuntu 4.15.0-65.74-generic 4.15.18)
[    0.000000] Command line: BOOT_IMAGE=/boot/vmlinuz-4.15.0-65-generic root=LABEL=cloudimg-rootfs ro console=tty1 console=ttyS0
[    0.000000] KERNEL supported cpus:
[    0.000000]   Intel GenuineIntel
[    0.000000]   AMD AuthenticAMD
[    0.000000]   Centaur CentaurHauls
[    0.000000] x86/fpu: Supporting XSAVE feature 0x001: 'x87 floating point registers'
[    0.000000] x86/fpu: Supporting XSAVE feature 0x002: 'SSE registers'
[    0.000000] x86/fpu: Supporting XSAVE feature 0x004: 'AVX registers'
[    0.000000] x86/fpu: xstate_offset[2]:  576, xstate_sizes[2]:  256
[    0.000000] x86/fpu: Enabled xstate features 0x7, context size is 832 bytes, using 'standard' format.
[    0.000000] e820: BIOS-provided physical RAM map:
[    0.000000] BIOS-e820: [mem 0x0000000000000000-0x000000000009fbff] usable
[    0.000000] BIOS-e820: [mem 0x000000000009fc00-0x000000000009ffff] reserved
[    0.000000] BIOS-e820: [mem 0x00000000000f0000-0x00000000000fffff] reserved
[    0.000000] BIOS-e820: [mem 0x0000000000100000-0x000000003ffeffff] usable
[    0.000000] BIOS-e820: [mem 0x000000003fff0000-0x000000003fffffff] ACPI data
[    0.000000] BIOS-e820: [mem 0x00000000fec00000-0x00000000fec00fff] reserved
[    0.000000] BIOS-e820: [mem 0x00000000fee00000-0x00000000fee00fff] reserved
[    0.000000] BIOS-e820: [mem 0x00000000fffc0000-0x00000000ffffffff] reserved
[    0.000000] NX (Execute Disable) protection: active
[    0.000000] SMBIOS 2.5 present.
[    0.000000] DMI: innotek GmbH VirtualBox/VirtualBox, BIOS VirtualBox 12/01/2006
[    0.000000] Hypervisor detected: KVM
[    0.000000] e820: last_pfn = 0x3fff0 max_arch_pfn = 0x400000000
[    0.000000] MTRR: Disabled
[    0.000000] x86/PAT: MTRRs disabled, skipping PAT initialization too.
[    0.000000] CPU MTRRs all blank - virtualized system.
[    0.000000] x86/PAT: Configuration [0-7]: WB  WT  UC- UC  WB  WT  UC- UC  
[    0.000000] found SMP MP-table at [mem 0x0009fff0-0x0009ffff]
[    0.000000] Scanning 1 areas for low memory corruption
[    0.000000] RAMDISK: [mem 0x35975000-0x36cb1fff]
[    0.000000] ACPI: Early table checksum verification disabled
[    0.000000] ACPI: RSDP 0x00000000000E0000 000024 (v02 VBOX  )
[    0.000000] ACPI: XSDT 0x000000003FFF0030 00003C (v01 VBOX   VBOXXSDT 00000001 ASL  00000061)
[    0.000000] ACPI: FACP 0x000000003FFF00F0 0000F4 (v04 VBOX   VBOXFACP 00000001 ASL  00000061)
[    0.000000] ACPI: DSDT 0x000000003FFF0470 0022EA (v02 VBOX   VBOXBIOS 00000002 INTL 20100528)
[    0.000000] ACPI: FACS 0x000000003FFF0200 000040
[    0.000000] ACPI: FACS 0x000000003FFF0200 000040
[    0.000000] ACPI: APIC 0x000000003FFF0240 00005C (v02 VBOX   VBOXAPIC 00000001 ASL  00000061)
[    0.000000] ACPI: SSDT 0x000000003FFF02A0 0001CC (v01 VBOX   VBOXCPUT 00000002 INTL 20100528)
[    0.000000] No NUMA configuration found
[    0.000000] Faking a node at [mem 0x0000000000000000-0x000000003ffeffff]
[    0.000000] NODE_DATA(0) allocated [mem 0x3ffc5000-0x3ffeffff]
[    0.000000] kvm-clock: cpu 0, msr 0:3ff44001, primary cpu clock
[    0.000000] kvm-clock: Using msrs 4b564d01 and 4b564d00
[    0.000000] kvm-clock: using sched offset of 3567387015 cycles
[    0.000000] clocksource: kvm-clock: mask: 0xffffffffffffffff max_cycles: 0x1cd42e4dffb, max_idle_ns: 881590591483 ns
[    0.000000] Zone ranges:
[    0.000000]   DMA      [mem 0x0000000000001000-0x0000000000ffffff]
[    0.000000]   DMA32    [mem 0x0000000001000000-0x000000003ffeffff]
[    0.000000]   Normal   empty
[    0.000000]   Device   empty
[    0.000000] Movable zone start for each node
[    0.000000] Early memory node ranges
[    0.000000]   node   0: [mem 0x0000000000001000-0x000000000009efff]
[    0.000000]   node   0: [mem 0x0000000000100000-0x000000003ffeffff]
[    0.000000] Reserved but unavailable: 98 pages
[    0.000000] Initmem setup node 0 [mem 0x0000000000001000-0x000000003ffeffff]
[    0.000000] ACPI: PM-Timer IO Port: 0x4008
[    0.000000] IOAPIC[0]: apic_id 2, version 32, address 0xfec00000, GSI 0-23
[    0.000000] ACPI: INT_SRC_OVR (bus 0 bus_irq 0 global_irq 2 dfl dfl)
[    0.000000] ACPI: INT_SRC_OVR (bus 0 bus_irq 9 global_irq 9 low level)
[    0.000000] Using ACPI (MADT) for SMP configuration information
[    0.000000] smpboot: Allowing 2 CPUs, 0 hotplug CPUs
[    0.000000] PM: Registered nosave memory: [mem 0x00000000-0x00000fff]
[    0.000000] PM: Registered nosave memory: [mem 0x0009f000-0x0009ffff]
[    0.000000] PM: Registered nosave memory: [mem 0x000a0000-0x000effff]
[    0.000000] PM: Registered nosave memory: [mem 0x000f0000-0x000fffff]
[    0.000000] e820: [mem 0x40000000-0xfebfffff] available for PCI devices
[    0.000000] Booting paravirtualized kernel on KVM
[    0.000000] clocksource: refined-jiffies: mask: 0xffffffff max_cycles: 0xffffffff, max_idle_ns: 7645519600211568 ns
[    0.000000] random: get_random_bytes called from start_kernel+0x99/0x4fd with crng_init=0
[    0.000000] setup_percpu: NR_CPUS:8192 nr_cpumask_bits:2 nr_cpu_ids:2 nr_node_ids:1
[    0.000000] percpu: Embedded 46 pages/cpu s151552 r8192 d28672 u1048576
[    0.000000] PV qspinlock hash table entries: 256 (order: 0, 4096 bytes)
[    0.000000] Built 1 zonelists, mobility grouping on.  Total pages: 257913
[    0.000000] Policy zone: DMA32
[    0.000000] Kernel command line: BOOT_IMAGE=/boot/vmlinuz-4.15.0-65-generic root=LABEL=cloudimg-rootfs ro console=tty1 console=ttyS0
[    0.000000] Memory: 982880K/1048120K available (12300K kernel code, 2481K rwdata, 4256K rodata, 2436K init, 2388K bss, 65240K reserved, 0K cma-reserved)
[    0.000000] SLUB: HWalign=64, Order=0-3, MinObjects=0, CPUs=2, Nodes=1
[    0.000000] Kernel/User page tables isolation: enabled
[    0.000000] ftrace: allocating 39301 entries in 154 pages
[    0.004000] Hierarchical RCU implementation.
[    0.004000] 	RCU restricting CPUs from NR_CPUS=8192 to nr_cpu_ids=2.
[    0.004000] 	Tasks RCU enabled.
[    0.004000] RCU: Adjusting geometry for rcu_fanout_leaf=16, nr_cpu_ids=2
[    0.004000] NR_IRQS: 524544, nr_irqs: 440, preallocated irqs: 16
[    0.004000] Console: colour VGA+ 80x25
[    0.004000] console [tty1] enabled
[    0.004000] console [ttyS0] enabled
[    0.004000] ACPI: Core revision 20170831
[    0.004000] ACPI: 2 ACPI AML tables successfully acquired and loaded
[    0.004000] APIC: Switch to symmetric I/O mode setup
[    0.004000] x2apic enabled
[    0.004000] Switched APIC routing to physical x2apic.
[    0.004000] ..TIMER: vector=0x30 apic1=0 pin1=2 apic2=-1 pin2=-1
[    0.004000] tsc: Detected 2303.998 MHz processor
[    0.004009] Calibrating delay loop (skipped) preset value.. 4607.99 BogoMIPS (lpj=9215992)
[    0.005396] pid_max: default: 32768 minimum: 301
[    0.006187] Security Framework initialized
[    0.006878] Yama: becoming mindful.
[    0.007456] AppArmor: AppArmor initialized
[    0.009165] Dentry cache hash table entries: 131072 (order: 8, 1048576 bytes)
[    0.010272] Inode-cache hash table entries: 65536 (order: 7, 524288 bytes)
[    0.011271] Mount-cache hash table entries: 2048 (order: 2, 16384 bytes)
[    0.012005] Mountpoint-cache hash table entries: 2048 (order: 2, 16384 bytes)
[    0.013261] Last level iTLB entries: 4KB 64, 2MB 8, 4MB 8
[    0.014063] Last level dTLB entries: 4KB 64, 2MB 0, 4MB 0, 1GB 4
[    0.014990] Spectre V1 : Mitigation: usercopy/swapgs barriers and __user pointer sanitization
[    0.016002] Spectre V2 : Mitigation: Full generic retpoline
[    0.017161] Spectre V2 : Spectre v2 / SpectreRSB mitigation: Filling RSB on context switch
[    0.020001] Speculative Store Bypass: Vulnerable
[    0.020733] MDS: Mitigation: Clear CPU buffers
[    0.021614] Freeing SMP alternatives memory: 36K
[    0.132075] smpboot: CPU0: Intel(R) Core(TM) i5-8259U CPU @ 2.30GHz (family: 0x6, model: 0x8e, stepping: 0xa)
[    0.133904] Performance Events: unsupported p6 CPU model 142 no PMU driver, software events only.
[    0.135244] Hierarchical SRCU implementation.
[    0.136512] NMI watchdog: Perf event create on CPU 0 failed with -2
[    0.137446] NMI watchdog: Perf NMI watchdog permanently disabled
[    0.138376] smp: Bringing up secondary CPUs ...
[    0.139218] x86: Booting SMP configuration:
[    0.140002] .... node  #0, CPUs:      #1
[    0.004000] kvm-clock: cpu 1, msr 0:3ff44041, secondary cpu clock
[    0.144018] smp: Brought up 1 node, 2 CPUs
[    0.144650] smpboot: Max logical packages: 1
[    0.145322] smpboot: Total of 2 processors activated (9215.99 BogoMIPS)
[    0.146446] devtmpfs: initialized
[    0.146446] x86/mm: Memory block size: 128MB
[    0.148120] evm: security.selinux
[    0.148687] evm: security.SMACK64
[    0.149235] evm: security.SMACK64EXEC
[    0.149827] evm: security.SMACK64TRANSMUTE
[    0.150621] evm: security.SMACK64MMAP
[    0.151296] evm: security.apparmor
[    0.152002] evm: security.ima
[    0.152588] evm: security.capability
[    0.153295] clocksource: jiffies: mask: 0xffffffff max_cycles: 0xffffffff, max_idle_ns: 7645041785100000 ns
[    0.153553] futex hash table entries: 512 (order: 3, 32768 bytes)
[    0.157094] pinctrl core: initialized pinctrl subsystem
[    0.158028] RTC time:  1:14:19, date: 01/13/20
[    0.159038] NET: Registered protocol family 16
[    0.160066] audit: initializing netlink subsys (disabled)
[    0.160946] audit: type=2000 audit(1578878064.665:1): state=initialized audit_enabled=0 res=1
[    0.161834] cpuidle: using governor ladder
[    0.161834] cpuidle: using governor menu
[    0.164032] ACPI: bus type PCI registered
[    0.164673] acpiphp: ACPI Hot Plug PCI Controller Driver version: 0.5
[    0.165847] PCI: Using configuration type 1 for base access
[    0.168222] HugeTLB registered 2.00 MiB page size, pre-allocated 0 pages
[    0.169134] ACPI: Added _OSI(Module Device)
[    0.169134] ACPI: Added _OSI(Processor Device)
[    0.169525] ACPI: Added _OSI(3.0 _SCP Extensions)
[    0.172002] ACPI: Added _OSI(Processor Aggregator Device)
[    0.172823] ACPI: Added _OSI(Linux-Dell-Video)
[    0.173527] ACPI: Added _OSI(Linux-Lenovo-NV-HDMI-Audio)
[    0.174700] ACPI: Added _OSI(Linux-HPI-Hybrid-Graphics)
[    0.176278] ACPI: Executed 1 blocks of module-level executable AML code
[    0.181013] ACPI: Interpreter enabled
[    0.181629] ACPI: (supports S0 S5)
[    0.182375] ACPI: Using IOAPIC for interrupt routing
[    0.183973] PCI: Using host bridge windows from ACPI; if necessary, use "pci=nocrs" and report a bug
[    0.184167] ACPI: Enabled 2 GPEs in block 00 to 07
[    0.191914] ACPI: PCI Root Bridge [PCI0] (domain 0000 [bus 00-ff])
[    0.192006] acpi PNP0A03:00: _OSC: OS supports [ASPM ClockPM Segments MSI]
[    0.193951] acpi PNP0A03:00: _OSC: not requesting OS control; OS requires [ExtendedConfig ASPM ClockPM MSI]
[    0.196018] acpi PNP0A03:00: fail to add MMCONFIG information, can't access extended PCI configuration space under this bridge.
[    0.198580] PCI host bridge to bus 0000:00
[    0.199352] pci_bus 0000:00: root bus resource [io  0x0000-0x0cf7 window]
[    0.200005] pci_bus 0000:00: root bus resource [io  0x0d00-0xffff window]
[    0.201277] pci_bus 0000:00: root bus resource [mem 0x000a0000-0x000bffff window]
[    0.204004] pci_bus 0000:00: root bus resource [mem 0x40000000-0xfdffffff window]
[    0.205165] pci_bus 0000:00: root bus resource [bus 00-ff]
[    0.208701] pci 0000:00:01.1: legacy IDE quirk: reg 0x10: [io  0x01f0-0x01f7]
[    0.209925] pci 0000:00:01.1: legacy IDE quirk: reg 0x14: [io  0x03f6]
[    0.210910] pci 0000:00:01.1: legacy IDE quirk: reg 0x18: [io  0x0170-0x0177]
[    0.212000] pci 0000:00:01.1: legacy IDE quirk: reg 0x1c: [io  0x0376]
[    0.222872] pci 0000:00:07.0: quirk: [io  0x4000-0x403f] claimed by PIIX4 ACPI
[    0.224014] pci 0000:00:07.0: quirk: [io  0x4100-0x410f] claimed by PIIX4 SMB
[    0.231455] ACPI: PCI Interrupt Link [LNKA] (IRQs 5 9 10 *11)
[    0.232248] ACPI: PCI Interrupt Link [LNKB] (IRQs 5 9 *10 11)
[    0.233479] ACPI: PCI Interrupt Link [LNKC] (IRQs 5 *9 10 11)
[    0.234408] ACPI: PCI Interrupt Link [LNKD] (IRQs 5 9 10 *11)
[    0.236386] SCSI subsystem initialized
[    0.237019] pci 0000:00:02.0: vgaarb: setting as boot VGA device
[    0.237019] pci 0000:00:02.0: vgaarb: VGA device added: decodes=io+mem,owns=io+mem,locks=none
[    0.238237] pci 0000:00:02.0: vgaarb: bridge control possible
[    0.240007] vgaarb: loaded
[    0.240537] ACPI: bus type USB registered
[    0.241241] usbcore: registered new interface driver usbfs
[    0.242173] usbcore: registered new interface driver hub
[    0.243034] usbcore: registered new device driver usb
[    0.244058] EDAC MC: Ver: 3.0.0
[    0.244851] PCI: Using ACPI for IRQ routing
[    0.245073] NetLabel: Initializing
[    0.245681] NetLabel:  domain hash size = 128
[    0.248005] NetLabel:  protocols = UNLABELED CIPSOv4 CALIPSO
[    0.248915] NetLabel:  unlabeled traffic allowed by default
[    0.249777] clocksource: Switched to clocksource kvm-clock
[    0.260017] VFS: Disk quotas dquot_6.6.0
[    0.260868] VFS: Dquot-cache hash table entries: 512 (order 0, 4096 bytes)
[    0.262026] AppArmor: AppArmor Filesystem Enabled
[    0.262881] pnp: PnP ACPI init
[    0.264535] pnp: PnP ACPI: found 3 devices
[    0.274870] clocksource: acpi_pm: mask: 0xffffff max_cycles: 0xffffff, max_idle_ns: 2085701024 ns
[    0.276248] NET: Registered protocol family 2
[    0.277139] TCP established hash table entries: 8192 (order: 4, 65536 bytes)
[    0.278218] TCP bind hash table entries: 8192 (order: 5, 131072 bytes)
[    0.280299] TCP: Hash tables configured (established 8192 bind 8192)
[    0.281387] UDP hash table entries: 512 (order: 2, 16384 bytes)
[    0.282462] UDP-Lite hash table entries: 512 (order: 2, 16384 bytes)
[    0.283469] NET: Registered protocol family 1
[    0.284215] pci 0000:00:00.0: Limiting direct PCI/PCI transfers
[    0.285207] pci 0000:00:01.0: Activating ISA DMA hang workarounds
[    0.286496] pci 0000:00:02.0: Video device with shadowed ROM at [mem 0x000c0000-0x000dffff]
[    0.287895] Unpacking initramfs...
[    0.552933] Freeing initrd memory: 19700K
[    0.554075] clocksource: tsc: mask: 0xffffffffffffffff max_cycles: 0x2135f5e6f15, max_idle_ns: 440795231538 ns
[    0.556147] platform rtc_cmos: registered platform RTC device (no PNP device found)
[    0.558172] Scanning for low memory corruption every 60 seconds
[    0.560370] Initialise system trusted keyrings
[    0.561072] Key type blacklist registered
[    0.561800] workingset: timestamp_bits=36 max_order=18 bucket_order=0
[    0.563528] zbud: loaded
[    0.564483] squashfs: version 4.0 (2009/01/31) Phillip Lougher
[    0.565685] fuse init (API version 7.26)
[    0.568408] Key type asymmetric registered
[    0.569313] Asymmetric key parser 'x509' registered
[    0.570259] Block layer SCSI generic (bsg) driver version 0.4 loaded (major 246)
[    0.571598] io scheduler noop registered
[    0.572232] io scheduler deadline registered
[    0.572916] io scheduler cfq registered (default)
[    0.574141] ACPI: AC Adapter [AC] (off-line)
[    0.574983] input: Power Button as /devices/LNXSYSTM:00/LNXPWRBN:00/input/input0
[    0.576468] ACPI: Power Button [PWRF]
[    0.577274] input: Sleep Button as /devices/LNXSYSTM:00/LNXSLPBN:00/input/input1
[    0.578389] ACPI: Sleep Button [SLPF]
[    0.580983] virtio-pci 0000:00:03.0: virtio_pci: leaving for legacy driver
[    0.581458] ACPI: Battery Slot [BAT0] (battery present)
[    0.582759] virtio-pci 0000:00:08.0: virtio_pci: leaving for legacy driver
[    0.584240] Serial: 8250/16550 driver, 32 ports, IRQ sharing enabled
[    0.605914] 00:02: ttyS0 at I/O 0x3f8 (irq = 4, base_baud = 115200) is a 16550A
[    0.608344] Linux agpgart interface v0.103
[    0.611634] loop: module loaded
[    0.613694] scsi host0: ata_piix
[    0.614557] scsi host1: ata_piix
[    0.615264] ata1: PATA max UDMA/33 cmd 0x1f0 ctl 0x3f6 bmdma 0xd000 irq 14
[    0.617019] ata2: PATA max UDMA/33 cmd 0x170 ctl 0x376 bmdma 0xd008 irq 15
[    0.619265] libphy: Fixed MDIO Bus: probed
[    0.619975] tun: Universal TUN/TAP device driver, 1.6
[    0.620876] PPP generic driver version 2.4.2
[    0.621715] ehci_hcd: USB 2.0 'Enhanced' Host Controller (EHCI) Driver
[    0.622789] ehci-pci: EHCI PCI platform driver
[    0.623485] ehci-platform: EHCI generic platform driver
[    0.624374] ohci_hcd: USB 1.1 'Open' Host Controller (OHCI) Driver
[    0.625345] ohci-pci: OHCI PCI platform driver
[    0.626067] ohci-platform: OHCI generic platform driver
[    0.626905] uhci_hcd: USB Universal Host Controller Interface driver
[    0.627929] i8042: PNP: PS/2 Controller [PNP0303:PS2K,PNP0f03:PS2M] at 0x60,0x64 irq 1,12
[    0.629926] serio: i8042 KBD port at 0x60,0x64 irq 1
[    0.630820] serio: i8042 AUX port at 0x60,0x64 irq 12
[    0.631715] mousedev: PS/2 mouse device common for all mice
[    0.632865] input: AT Translated Set 2 keyboard as /devices/platform/i8042/serio0/input/input2
[    0.634488] rtc_cmos rtc_cmos: rtc core: registered rtc_cmos as rtc0
[    0.635477] rtc_cmos rtc_cmos: alarms up to one day, 114 bytes nvram
[    0.636445] i2c /dev entries driver
[    0.637043] device-mapper: uevent: version 1.0.3
[    0.637789] device-mapper: ioctl: 4.37.0-ioctl (2017-09-20) initialised: dm-devel@redhat.com
[    0.639119] ledtrig-cpu: registered to indicate activity on CPUs
[    0.640308] NET: Registered protocol family 10
[    0.643928] Segment Routing with IPv6
[    0.644754] NET: Registered protocol family 17
[    0.645508] Key type dns_resolver registered
[    0.646331] mce: Using 0 MCE banks
[    0.646993] RAS: Correctable Errors collector initialized.
[    0.647801] sched_clock: Marking stable (646268029, 0)->(777227247, -130959218)
[    0.649230] registered taskstats version 1
[    0.649860] Loading compiled-in X.509 certificates
[    0.652354] Loaded X.509 cert 'Build time autogenerated kernel key: 3a65b6a3c8b5d6b297d77c25be9161529933bc49'
[    0.653787] zswap: loaded using pool lzo/zbud
[    0.657015] Key type big_key registered
[    0.657604] Key type trusted registered
[    0.659537] Key type encrypted registered
[    0.660192] AppArmor: AppArmor sha1 policy hashing enabled
[    0.661001] ima: No TPM chip found, activating TPM-bypass! (rc=-19)
[    0.661908] ima: Allocated hash algorithm: sha1
[    0.662823] evm: HMAC attrs: 0x1
[    0.663619]   Magic number: 4:216:205
[    0.664517] rtc_cmos rtc_cmos: setting system clock to 2020-01-13 01:14:20 UTC (1578878060)
[    0.665851] BIOS EDD facility v0.16 2004-Jun-25, 0 devices found
[    0.666723] EDD information not available.
[    0.784195] Freeing unused kernel image memory: 2436K
[    0.796253] Write protecting the kernel read-only data: 20480k
[    0.798564] Freeing unused kernel image memory: 2008K
[    0.800215] Freeing unused kernel image memory: 1888K
[    0.809673] x86/mm: Checked W+X mappings: passed, no W+X pages found.
[    0.811160] x86/mm: Checking user space page tables
[    0.818857] x86/mm: Checked W+X mappings: passed, no W+X pages found.
Loading, please wait...
starting version 237
[    0.876178] Fusion MPT base driver 3.04.20
[    0.876946] Copyright (c) 1999-2008 LSI Corporation
[    0.882669] Fusion MPT SPI Host driver 3.04.20
[    0.891238] mptbase: ioc0: Initiating bringup
[    0.905950] AVX2 version of gcm_enc/dec engaged.
[    0.906988] AES CTR mode by8 optimization enabled
[    0.919426] virtio_net virtio0 enp0s3: renamed from eth0
[    0.921845] vboxvideo: loading out-of-tree module taints kernel.
[    0.922898] vboxvideo: module verification failed: signature and/or required key missing - tainting kernel
[    0.929535] virtio_net virtio1 enp0s8: renamed from eth1
[    1.132755] ioc0: LSI53C1030 A0: Capabilities={Initiator}
[    1.134256] input: ImExPS/2 Generic Explorer Mouse as /devices/platform/i8042/serio1/input/input4
[    1.375889] scsi host2: ioc0: LSI53C1030 A0, FwRev=00000000h, Ports=1, MaxQ=256, IRQ=20
[    1.545479] scsi 2:0:0:0: Direct-Access     VBOX     HARDDISK         1.0  PQ: 0 ANSI: 5
[    1.545694] [drm] VRAM 01000000
[    1.548436] [TTM] Zone  kernel: Available graphics memory: 504474 kiB
[    1.549820] [TTM] Initializing pool allocator
[    1.550631] [TTM] Initializing DMA pool allocator
[    1.552868] fbcon: vboxdrmfb (fb0) is primary device
[    1.554696] Console: switching to colour frame buffer device 100x37
[    1.558178] vboxvideo 0000:00:02.0: fb0: vboxdrmfb frame buffer device
[    1.568585] [drm] Initialized vboxvideo 1.0.0 20130823 for 0000:00:02.0 on minor 0
[    1.576639] scsi target2:0:0: Beginning Domain Validation
[    1.579164] scsi target2:0:0: Domain Validation skipping write tests
[    1.580099] scsi target2:0:0: Ending Domain Validation
[    1.580803] scsi target2:0:0: asynchronous
[    1.581654] scsi 2:0:1:0: Direct-Access     VBOX     HARDDISK         1.0  PQ: 0 ANSI: 5
[    1.614245] scsi target2:0:1: Beginning Domain Validation
[    1.616829] random: fast init done
[    1.617607] scsi target2:0:1: Domain Validation skipping write tests
[    1.618414] scsi target2:0:1: Ending Domain Validation
[    1.619379] scsi target2:0:1: asynchronous
[    1.623473] random: systemd-udevd: uninitialized urandom read (16 bytes read)
[    1.624523] random: systemd-udevd: uninitialized urandom read (16 bytes read)
[    1.625490] random: systemd-udevd: uninitialized urandom read (16 bytes read)
[    1.627163] sd 2:0:0:0: [sda] 20971520 512-byte logical blocks: (10.7 GB/10.0 GiB)
[    1.628388] sd 2:0:0:0: [sda] Write Protect is off
[    1.629238] sd 2:0:0:0: [sda] Incomplete mode parameter data
[    1.630062] sd 2:0:0:0: [sda] Assuming drive cache: write through
[    1.631049] sd 2:0:0:0: Attached scsi generic sg0 type 0
[    1.632548] sd 2:0:1:0: Attached scsi generic sg1 type 0
[    1.633462] sd 2:0:1:0: [sdb] 20480 512-byte logical blocks: (10.5 MB/10.0 MiB)
[    1.634521]  sda: sda1
[    1.635060] sd 2:0:1:0: [sdb] Write Protect is off
[    1.636008] sd 2:0:1:0: [sdb] Incomplete mode parameter data
[    1.636930] sd 2:0:1:0: [sdb] Assuming drive cache: write through
[    1.638540] sd 2:0:0:0: [sda] Attached SCSI disk
[    1.641123] sd 2:0:1:0: [sdb] Attached SCSI disk
Begin: Loading essential drivers ... [    1.792846] raid6: sse2x1   gen() 12064 MB/s
[    1.840615] raid6: sse2x1   xor()  8210 MB/s
[    1.888474] raid6: sse2x2   gen() 15612 MB/s
[    1.936947] raid6: sse2x2   xor() 10752 MB/s
[    1.984168] raid6: sse2x4   gen() 16603 MB/s
[    2.033985] raid6: sse2x4   xor() 10858 MB/s
[    2.083430] raid6: avx2x1   gen() 26756 MB/s
[    2.132587] raid6: avx2x1   xor() 17986 MB/s
[    2.183286] raid6: avx2x2   gen() 32695 MB/s
[    2.232088] raid6: avx2x2   xor() 19475 MB/s
[    2.280698] raid6: avx2x4   gen() 32690 MB/s
[    2.333464] raid6: avx2x4   xor() 24442 MB/s
[    2.334486] raid6: using algorithm avx2x2 gen() 32695 MB/s
[    2.335574] raid6: .... xor() 19475 MB/s, rmw enabled
[    2.336518] raid6: using avx2x2 recovery algorithm
[    2.338315] xor: automatically using best checksumming function   avx       
[    2.340702] async_tx: api initialized (async)
done.
Begin: Running /scripts/init-premount ... done.
Begin: Mounting root file system ... Begin: Running /scripts/local-top ... done.
Begin: Running /scripts/local-premount ... [    2.381231] Btrfs loaded, crc32c=crc32c-intel
Scanning for Btrfs filesystems
done.
Warning: fsck not present, so skipping root file system
[    2.405888] EXT4-fs (sda1): mounted filesystem with ordered data mode. Opts: (null)
done.
Begin: Running /scripts/local-bottom ... done.
Begin: Running /scripts/init-bottom ... done.
[    2.555981] ip_tables: (C) 2000-2006 Netfilter Core Team
[    2.564368] systemd[1]: systemd 237 running in system mode. (+PAM +AUDIT +SELINUX +IMA +APPARMOR +SMACK +SYSVINIT +UTMP +LIBCRYPTSETUP +GCRYPT +GNUTLS +ACL +XZ +LZ4 +SECCOMP +BLKID +ELFUTILS +KMOD -IDN2 +IDN -PCRE2 default-hierarchy=hybrid)
[    2.567580] systemd[1]: Detected virtualization oracle.
[    2.568590] systemd[1]: Detected architecture x86-64.

Welcome to [1mUbuntu 18.04.3 LTS[0m!

[    2.573380] systemd[1]: Set hostname to <ubuntu-bionic>.
[    2.844133] systemd[1]: Started Forward Password Requests to Wall Directory Watch.
[[0;32m  OK  [0m] Started Forward Password Requests to Wall Directory Watch.
[    2.847469] systemd[1]: Created slice User and Session Slice.
[[0;32m  OK  [0m] Created slice User and Session Slice.
[    2.849165] systemd[1]: Set up automount Arbitrary Executable File Formats File System Automount Point.
[[0;32m  OK  [0m] Set up automount Arbitrary Executab…rmats File System Automount Point.
[    2.864219] systemd[1]: Reached target System Time Synchronized.
[[0;32m  OK  [0m] Reached target System Time Synchronized.
[    2.866415] systemd[1]: Created slice System Slice.
[[0;32m  OK  [0m] Created slice System Slice.
[    2.868658] systemd[1]: Listening on LVM2 poll daemon socket.
[[0;32m  OK  [0m] Listening on LVM2 poll daemon socket.
[[0;32m  OK  [0m] Listening on udev Kernel Socket.
[[0;32m  OK  [0m] Listening on LVM2 metadata daemon socket.
[[0;32m  OK  [0m] Reached target Slices.
[[0;32m  OK  [0m] Listening on Network Service Netlink Socket.
[[0;32m  OK  [0m] Created slice system-serial\x2dgetty.slice.
[[0;32m  OK  [0m] Listening on udev Control Socket.
[[0;32m  OK  [0m] Listening on /dev/initctl Compatibility Named Pipe.
[[0;32m  OK  [0m] Listening on Journal Socket (/dev/log).
[[0;32m  OK  [0m] Listening on Journal Socket.
         Starting Uncomplicated firewall...
         Starting Remount Root and Kernel File Systems...
         Mounting Huge Pages File System...
         Starting Create list of required st…ce nodes for the current kernel...
[[0;32m  OK  [0m] Listening on Journal Audit Socket.
[[0;32m  OK  [0m] Created slice system-postgresql.slice.
         Mounting POSIX Message Queue File System...
[    2.946291] EXT4-fs (sda1): re-mounted. Opts: (null)
[[0;32m  OK  [0m] Listening on Syslog Socket.
         Starting Journal Service...
         Mounting Kernel Debug File System...
         Starting udev Coldplug all Devices...
         Starting Set the console keyboard layout...
[[0;32m  OK  [0m] Reached target Swap.
[[0;32m  OK  [0m] Reached target User and Group Name Lookups.
         Starting Load Kernel Modules...
[[0;32m  OK  [0m] Listening on Device-mapper event daemon FIFOs.
         Starting Monitoring of LVM2 mirrors…ng dmeventd or progress polling...
[    3.040716] Loading iSCSI transport class v2.0-870.
[[0;32m  OK  [0m] Started Journal Service.
[[0;32m  OK  [0m] Started Uncomplicated firewall.
[    3.048627] iscsi: registered transport (tcp)
[[0;32m  OK  [0m] Started Remount Root and Kernel File Systems.
[[0;32m  OK  [0m] Mounted Huge Pages File System.
[[0;32m  OK  [0m] Started Create list of required sta…vice nodes for the current kernel.
[[0;32m  OK  [0m] Mounted POSIX Message Queue File System.
[[0;32m  OK  [0m] Mounted Kernel Debug File System.
         Starting Create Static Device Nodes in /dev...
         Starting Load/Save Random Seed...
[    3.080412] iscsi: registered transport (iser)
         Starting Flush Journal to Persistent Storage...
[[0;32m  OK  [0m] Started Set the console keyboard layout.
[[0;32m  OK  [0m] Started Load Kernel Modules.
[[0;32m  OK  [0m] Started Create Static Device Nodes in /dev.
[[0;32m  OK  [0m] Started Load/Save Random Seed.
         Starting udev Kernel Device Manager...
         Mounting Kernel Configuration File System...
         Mounting FUSE Control File System...
         Starting Apply Kernel Variables...
[[0;32m  OK  [0m] Started udev Coldplug all Devices.
[[0;32m  OK  [0m] Mounted Kernel Configuration File System.
[[0;32m  OK  [0m] Mounted FUSE Control File System.
[[0;32m  OK  [0m] Started LVM2 metadata daemon.
[    3.156557] systemd-journald[407]: Received request to flush runtime journal from PID 1
[[0;32m  OK  [0m] Started udev Kernel Device Manager.
[[0;32m  OK  [0m] Started Dispatch Password Requests to Console Directory Watch.
[[0;32m  OK  [0m] Reached target Local Encrypted Volumes.
[[0;32m  OK  [0m] Started Apply Kernel Variables.
[[0;32m  OK  [0m] Started Monitoring of LVM2 mirrors,…sing dmeventd or progress polling.
[[0;32m  OK  [0m] Reached target Local File Systems (Pre).
[[0;32m  OK  [0m] Reached target Local File Systems.
         Starting Tell Plymouth To Write Out Runtime Data...
         Starting AppArmor initialization...
         Starting ebtables ruleset management...
         Starting Set console font and keymap...
[[0;32m  OK  [0m] Started Flush Journal to Persistent Storage.
         Starting Create Volatile Files and Directories...
[[0;32m  OK  [0m] Started Tell Plymouth To Write Out Runtime Data.
[[0;32m  OK  [0m] Started Set console font and keymap.
[[0;32m  OK  [0m] Started Create Volatile Files and Directories.
         Starting Update UTMP about System Boot/Shutdown...
[[0;32m  OK  [0m] Started Update UTMP about System Boot/Shutdown.
[[0;32m  OK  [0m] Started ebtables ruleset management.
[[0;32m  OK  [0m] Found device /dev/ttyS0.
[[0;32m  OK  [0m] Listening on Load/Save RF Kill Switch Status /dev/rfkill Watch.
[[0;32m  OK  [0m] Started AppArmor initialization.
         Starting Initial cloud-init job (pre-networking)...
[    4.591798] cloud-init[544]: Cloud-init v. 19.2-36-g059d049c-0ubuntu2~18.04.1 running 'init-local' at Mon, 13 Jan 2020 01:14:24 +0000. Up 4.39 seconds.
[[0;32m  OK  [0m] Started Initial cloud-init job (pre-networking).
[[0;32m  OK  [0m] Reached target Network (Pre).
         Starting Network Service...
[[0;32m  OK  [0m] Started Network Service.
         Starting Wait for Network to be Configured...
         Starting Network Name Resolution...
[[0;32m  OK  [0m] Started Network Name Resolution.
[[0;32m  OK  [0m] Reached target Network.
[[0;32m  OK  [0m] Reached target Host and Network Name Lookups.
[[0;32m  OK  [0m] Started Wait for Network to be Configured.
         Starting Initial cloud-init job (metadata service crawler)...
[    6.536844] cloud-init[707]: Cloud-init v. 19.2-36-g059d049c-0ubuntu2~18.04.1 running 'init' at Mon, 13 Jan 2020 01:14:26 +0000. Up 6.41 seconds.
[    6.538084] cloud-init[707]: ci-info: ++++++++++++++++++++++++++++++++++++++Net device info+++++++++++++++++++++++++++++++++++++++
[    6.539645] cloud-init[707]: ci-info: +--------+------+-----------------------------+---------------+--------+-------------------+
[    6.541071] cloud-init[707]: ci-info: | Device |  Up  |           Address           |      Mask     | Scope  |     Hw-Address    |
[    6.542417] cloud-init[707]: ci-info: +--------+------+-----------------------------+---------------+--------+-------------------+
[    6.543806] cloud-init[707]: ci-info: | enp0s3 | True |          10.0.2.15          | 255.255.255.0 | global | 02:b1:13:47:2b:13 |
[    6.556378] cloud-init[707]: ci-info: | enp0s3 | True |  fe80::b1:13ff:fe47:2b13/64 |       .       |  link  | 02:b1:13:47:2b:13 |
[    6.557751] cloud-init[707]: ci-info: | enp0s8 | True |         10.10.10.12         | 255.255.255.0 | global | 08:00:27:1d:39:d1 |
[    6.559326] cloud-init[707]: ci-info: | enp0s8 | True | fe80::a00:27ff:fe1d:39d1/64 |       .       |  link  | 08:00:27:1d:39:d1 |
[    6.560811] cloud-init[707]: ci-info: |   lo   | True |          127.0.0.1          |   255.0.0.0   |  host  |         .         |
[    6.562220] cloud-init[707]: ci-info: |   lo   | True |           ::1/128           |       .       |  host  |         .         |
[    6.563854] cloud-init[707]: ci-info: +--------+------+-----------------------------+---------------+--------+-------------------+
[    6.565299] cloud-init[707]: ci-info: ++++++++++++++++++++++++++++Route IPv4 info+++++++++++++++++++++++++++++
[    6.566476] cloud-init[707]: ci-info: +-------+-------------+----------+-----------------+-----------+-------+
[    6.567703] cloud-init[707]: ci-info: | Route | Destination | Gateway  |     Genmask     | Interface | Flags |
[    6.569707] cloud-init[707]: ci-info: +-------+-------------+----------+-----------------+-----------+-------+
[    6.570886] cloud-init[707]: ci-info: |   0   |   0.0.0.0   | 10.0.2.2 |     0.0.0.0     |   enp0s3  |   UG  |
[    6.571972] cloud-init[707]: ci-info: |   1   |   10.0.2.0  | 0.0.0.0  |  255.255.255.0  |   enp0s3  |   U   |
[    6.573141] cloud-init[707]: ci-info: |   2   |   10.0.2.2  | 0.0.0.0  | 255.255.255.255 |   enp0s3  |   UH  |
[    6.574264] cloud-init[707]: ci-info: |   3   |  10.10.10.0 | 0.0.0.0  |  255.255.255.0  |   enp0s8  |   U   |
[    6.575383] cloud-init[707]: ci-info: +-------+-------------+----------+-----------------+-----------+-------+
[    6.576535] cloud-init[707]: ci-info: +++++++++++++++++++Route IPv6 info+++++++++++++++++++
[    6.577511] cloud-init[707]: ci-info: +-------+-------------+---------+-----------+-------+
[    6.578466] cloud-init[707]: ci-info: | Route | Destination | Gateway | Interface | Flags |
[    6.579410] cloud-init[707]: ci-info: +-------+-------------+---------+-----------+-------+
[    6.580371] cloud-init[707]: ci-info: |   1   |  fe80::/64  |    ::   |   enp0s8  |   U   |
[    6.581321] cloud-init[707]: ci-info: |   2   |  fe80::/64  |    ::   |   enp0s3  |   U   |
[    6.582271] cloud-init[707]: ci-info: |   4   |    local    |    ::   |   enp0s3  |   U   |
[    6.583214] cloud-init[707]: ci-info: |   5   |    local    |    ::   |   enp0s8  |   U   |
[    6.584182] cloud-init[707]: ci-info: |   6   |   ff00::/8  |    ::   |   enp0s8  |   U   |
[    6.585134] cloud-init[707]: ci-info: |   7   |   ff00::/8  |    ::   |   enp0s3  |   U   |
[    6.586091] cloud-init[707]: ci-info: +-------+-------------+---------+-----------+-------+
[[0;32m  OK  [0m] Started Initial cloud-init job (metadata service crawler).
[[0;32m  OK  [0m] Reached target Cloud-config availability.
[[0;32m  OK  [0m] Reached target System Initialization.
[[0;32m  OK  [0m] Started Message of the Day.
         Starting Socket activation for snappy daemon.
[[0;32m  OK  [0m] Started Daily Cleanup of Temporary Directories.
[[0;32m  OK  [0m] Started ACPI Events Check.
[[0;32m  OK  [0m] Reached target Paths.
[[0;32m  OK  [0m] Listening on ACPID Listen Socket.
[[0;32m  OK  [0m] Listening on Open-iSCSI iscsid Socket.
[[0;32m  OK  [0m] Listening on D-Bus System Message Bus Socket.
         Starting LXD - unix socket.
[[0;32m  OK  [0m] Listening on UUID daemon activation socket.
[[0;32m  OK  [0m] Started Daily apt download activities.
[[0;32m  OK  [0m] Started Daily apt upgrade and clean activities.
[[0;32m  OK  [0m] Started Discard unused blocks once a week.
[[0;32m  OK  [0m] Reached target Timers.
[[0;32m  OK  [0m] Reached target Network is Online.
[[0;32m  OK  [0m] Reached target Remote File Systems (Pre).
[[0;32m  OK  [0m] Reached target Remote File Systems.
         Starting Availability of block devices...
[[0;32m  OK  [0m] Listening on Socket activation for snappy daemon.
[[0;32m  OK  [0m] Listening on LXD - unix socket.
[[0;32m  OK  [0m] Started Availability of block devices.
[[0;32m  OK  [0m] Reached target Sockets.
[[0;32m  OK  [0m] Reached target Basic System.
         Starting LSB: Record successful boot for GRUB...
         Starting Login Service...
         Starting Resets System Activity Data Collector...
[[0;32m  OK  [0m] Started irqbalance daemon.
[[0;32m  OK  [0m] Started D-Bus System Message Bus.
         Starting PostgreSQL Cluster 10-main...
[[0;32m  OK  [0m] Started FUSE filesystem for LXC.
         Starting LSB: automatic crash report generation...
         Starting System Logging Service...
         Starting Snappy daemon...
[[0;32m  OK  [0m] Started Regular background program processing daemon.
         Starting Permit User Sessions...
         Starting Dispatcher daemon for systemd-networkd...
         Starting vboxadd.service...
[[0;32m  OK  [0m] Started Deferred execution scheduler.
         Starting LXD - container startup/shutdown...
         Starting Discard unused blocks...
         Starting OpenBSD Secure Shell server...
         Starting Accounts Service...
[[0;32m  OK  [0m] Started System Logging Service.
[[0;32m  OK  [0m] Started Resets System Activity Data Collector.
[[0;32m  OK  [0m] Started Permit User Sessions.
[[0;32m  OK  [0m] Started Discard unused blocks.
[[0;32m  OK  [0m] Started Login Service.
[[0;32m  OK  [0m] Started Unattended Upgrades Shutdown.
         Starting Terminate Plymouth Boot Screen...
         Starting Hold until boot process finishes up...
[[0;32m  OK  [0m] Started Terminate Plymouth Boot Screen.
[[0;32m  OK  [0m] Started Hold until boot process finishes up.
         Starting Set console scheme...
[[0;32m  OK  [0m] Started Serial Getty on ttyS0.
[[0;32m  OK  [0m] Started OpenBSD Secure Shell server.
[[0;32m  OK  [0m] Started Set console scheme.
[[0;32m  OK  [0m] Created slice system-getty.slice.
[[0;32m  OK  [0m] Started Getty on tty1.
[[0;32m  OK  [0m] Reached target Login Prompts.
         Starting Authorization Manager...
[[0;32m  OK  [0m] Started LSB: automatic crash report generation.
[[0;32m  OK  [0m] Started Dispatcher daemon for systemd-networkd.
[[0;32m  OK  [0m] Started LXD - container startup/shutdown.
[[0;32m  OK  [0m] Started Authorization Manager.
[[0;32m  OK  [0m] Started Accounts Service.
[[0;32m  OK  [0m] Started LSB: Record successful boot for GRUB.
[[0;32m  OK  [0m] Started Snappy daemon.
         Starting Wait until snapd is fully seeded...
[[0;32m  OK  [0m] Started Wait until snapd is fully seeded.
         Starting Apply the settings specified in cloud-config...
[[0;32m  OK  [0m] Started vboxadd.service.
         Starting vboxadd-service.service...
[    8.797149] cloud-init[1224]: Cloud-init v. 19.2-36-g059d049c-0ubuntu2~18.04.1 running 'modules:config' at Mon, 13 Jan 2020 01:14:28 +0000. Up 8.69 seconds.
[[0;32m  OK  [0m] Started vboxadd-service.service.
[[0;32m  OK  [0m] Started Apply the settings specified in cloud-config.
[[0;32m  OK  [0m] Started PostgreSQL Cluster 10-main.
         Starting PostgreSQL RDBMS...
[[0;32m  OK  [0m] Started PostgreSQL RDBMS.
[[0;32m  OK  [0m] Reached target Multi-User System.
         Starting Execute cloud user/final scripts...
[[0;32m  OK  [0m] Reached target Graphical Interface.
         Starting Update UTMP about System Runlevel Changes...
[[0;32m  OK  [0m] Started Update UTMP about System Runlevel Changes.
[   11.106528] cloud-init[1398]: Cloud-init v. 19.2-36-g059d049c-0ubuntu2~18.04.1 running 'modules:final' at Mon, 13 Jan 2020 01:14:30 +0000. Up 11.01 seconds.
[   11.108319] cloud-init[1398]: Cloud-init v. 19.2-36-g059d049c-0ubuntu2~18.04.1 finished at Mon, 13 Jan 2020 01:14:30 +0000. Datasource DataSourceNoCloud [seed=/dev/sdb][dsmode=net].  Up 11.09 seconds
[[0;32m  OK  [0m] Started Execute cloud user/final scripts.
[[0;32m  OK  [0m] Reached target Cloud-init target.

Ubuntu 18.04.3 LTS ubuntu-bionic ttyS0

ubuntu-bionic login: 